<?xml version="1.0" encoding="UTF-8"?>
<!-- Generated by org.testng.reporters.JUnitReportReporter -->
<testsuite hostname="Swathi-Sekhar" failures="0" tests="1" name="Api.Authentication" time="4.320" errors="0" timestamp="2025-04-18T18:26:07 IST" skipped="0">
  <testcase classname="Api.Authentication" name="Auth" time="4.320"/>
</testsuite> <!-- Api.Authentication -->
