<?xml version="1.0" encoding="UTF-8"?>
<!-- Generated by org.testng.reporters.JUnitReportReporter -->
<testsuite hostname="Swathi-Sekhar" failures="0" tests="1" name="Api.Deleteapi" time="2.972" errors="0" timestamp="2025-04-18T16:11:05 IST" skipped="0">
  <testcase classname="Api.Deleteapi" name="Delete" time="2.972"/>
</testsuite> <!-- Api.Deleteapi -->
