<?xml version="1.0" encoding="UTF-8"?>
<!-- Generated by org.testng.reporters.JUnitReportReporter -->
<testsuite hostname="Swathi-Sekhar" failures="0" tests="1" name="Api.Oathtokengeneration" time="5.444" errors="0" timestamp="2025-04-18T20:31:31 IST" skipped="0">
  <testcase classname="Api.Oathtokengeneration" name="tokengen" time="5.444"/>
</testsuite> <!-- Api.Oathtokengeneration -->
