<?xml version="1.0" encoding="UTF-8"?>
<!-- Generated by org.testng.reporters.JUnitReportReporter -->
<testsuite hostname="Swathi-Sekhar" failures="0" tests="2" name="Api.Getapi" time="5.129" errors="0" timestamp="2025-04-17T22:49:09 IST" skipped="0">
  <testcase classname="Api.Getapi" name="code" time="4.582"/>
  <testcase classname="Api.Getapi" name="responsecode" time="0.547"/>
</testsuite> <!-- Api.Getapi -->
