<?xml version="1.0" encoding="UTF-8"?>
<!-- Generated by org.testng.reporters.JUnitReportReporter -->
<testsuite hostname="Swathi-Sekhar" failures="0" tests="1" name="Api.Oathhardtoken" time="3.927" errors="0" timestamp="2025-04-18T19:52:03 IST" skipped="0">
  <testcase classname="Api.Oathhardtoken" name="hardtoken" time="3.927"/>
</testsuite> <!-- Api.Oathhardtoken -->
