<?xml version="1.0" encoding="UTF-8"?>
<!-- Generated by org.testng.reporters.JUnitReportReporter -->
<testsuite hostname="Swathi-Sekhar" failures="0" tests="1" name="Api.Putapi" time="3.214" errors="0" timestamp="2025-04-18T16:10:22 IST" skipped="0">
  <testcase classname="Api.Putapi" name="put" time="3.214"/>
</testsuite> <!-- Api.Putapi -->
